ARM GAS  /var/folders/19/48sc_t714fz_96wrj2kckpy80000gn/T//cc48abbH.s 			page 1


   1              		.cpu cortex-m4
   2              		.arch armv7e-m
   3              		.fpu fpv4-sp-d16
   4              		.eabi_attribute 27, 1
   5              		.eabi_attribute 28, 1
   6              		.eabi_attribute 20, 1
   7              		.eabi_attribute 21, 1
   8              		.eabi_attribute 23, 3
   9              		.eabi_attribute 24, 1
  10              		.eabi_attribute 25, 1
  11              		.eabi_attribute 26, 1
  12              		.eabi_attribute 30, 1
  13              		.eabi_attribute 34, 1
  14              		.eabi_attribute 18, 4
  15              		.file	"kernel.c"
  16              		.text
  17              	.Ltext0:
  18              		.cfi_sections	.debug_frame
  19              		.file 1 "Core/Src/kernel.c"
  20              		.section	.rodata.SVC_Handler_Main.str1.4,"aMS",%progbits,1
  21              		.align	2
  22              	.LC0:
  23 0000 53756363 		.ascii	"Success!\015\000"
  23      65737321 
  23      0D00
  24 000a 0000     		.align	2
  25              	.LC1:
  26 000c 4661696C 		.ascii	"Failure!\015\000"
  26      75726521 
  26      0D00
  27              		.section	.text.SVC_Handler_Main,"ax",%progbits
  28              		.align	1
  29              		.global	SVC_Handler_Main
  30              		.syntax unified
  31              		.thumb
  32              		.thumb_func
  34              	SVC_Handler_Main:
  35              	.LVL0:
  36              	.LFB133:
   1:Core/Src/kernel.c **** #include "stm32f4xx_hal.h"
   2:Core/Src/kernel.c **** #include "kernel.h"
   3:Core/Src/kernel.c **** 
   4:Core/Src/kernel.c **** uint32_t* MSP_INIT_VAL;
   5:Core/Src/kernel.c **** uint32_t* LAST_STACK;
   6:Core/Src/kernel.c **** int nThreads = 0;
   7:Core/Src/kernel.c **** extern void runFirstThread(void);
   8:Core/Src/kernel.c **** 
   9:Core/Src/kernel.c **** void SVC_Handler_Main( unsigned int *svc_args ) {
  37              		.loc 1 9 49 view -0
  38              		.cfi_startproc
  39              		@ args = 0, pretend = 0, frame = 0
  40              		@ frame_needed = 0, uses_anonymous_args = 0
  41              		.loc 1 9 49 is_stmt 0 view .LVU1
  42 0000 08B5     		push	{r3, lr}
  43              		.cfi_def_cfa_offset 8
  44              		.cfi_offset 3, -8
  45              		.cfi_offset 14, -4
ARM GAS  /var/folders/19/48sc_t714fz_96wrj2kckpy80000gn/T//cc48abbH.s 			page 2


  10:Core/Src/kernel.c ****   unsigned int svc_number;
  46              		.loc 1 10 3 is_stmt 1 view .LVU2
  11:Core/Src/kernel.c ****   /*
  12:Core/Src/kernel.c ****   * Stack contains:
  13:Core/Src/kernel.c ****   * r0, r1, r2, r3, r12, r14, the return address and xPSR
  14:Core/Src/kernel.c ****   * First argument (r0) is svc_args[0]
  15:Core/Src/kernel.c ****   */
  16:Core/Src/kernel.c ****   svc_number = ( ( char * )svc_args[ 6 ] )[ -2 ] ;
  47              		.loc 1 16 3 view .LVU3
  48              		.loc 1 16 43 is_stmt 0 view .LVU4
  49 0002 8369     		ldr	r3, [r0, #24]
  50 0004 13F8023C 		ldrb	r3, [r3, #-2]	@ zero_extendqisi2
  51              	.LVL1:
  17:Core/Src/kernel.c ****   switch( svc_number )
  52              		.loc 1 17 3 is_stmt 1 view .LVU5
  53 0008 112B     		cmp	r3, #17
  54 000a 0BD0     		beq	.L2
  55 000c 152B     		cmp	r3, #21
  56 000e 0DD0     		beq	.L3
  57 0010 032B     		cmp	r3, #3
  58 0012 00D0     		beq	.L6
  59              	.LVL2:
  60              	.L1:
  18:Core/Src/kernel.c ****   {
  19:Core/Src/kernel.c ****     case RUN_FIRST_THREAD:
  20:Core/Src/kernel.c ****       __set_PSP((uint32_t) stackptr);
  21:Core/Src/kernel.c ****       runFirstThread();
  22:Core/Src/kernel.c ****       break;
  23:Core/Src/kernel.c ****     case 17: //17 is sort of arbitrarily chosen
  24:Core/Src/kernel.c ****       printf("Success!\r\n");
  25:Core/Src/kernel.c ****       break;
  26:Core/Src/kernel.c ****     case 21:
  27:Core/Src/kernel.c ****       printf("Failure!\r\n");
  28:Core/Src/kernel.c ****       break;
  29:Core/Src/kernel.c ****     default: /* unknown SVC */
  30:Core/Src/kernel.c ****       break;
  31:Core/Src/kernel.c ****   }
  32:Core/Src/kernel.c **** }
  61              		.loc 1 32 1 is_stmt 0 view .LVU6
  62 0014 08BD     		pop	{r3, pc}
  63              	.LVL3:
  64              	.L6:
  20:Core/Src/kernel.c ****       runFirstThread();
  65              		.loc 1 20 7 is_stmt 1 view .LVU7
  66 0016 074B     		ldr	r3, .L7
  67              	.LVL4:
  20:Core/Src/kernel.c ****       runFirstThread();
  68              		.loc 1 20 7 is_stmt 0 view .LVU8
  69 0018 1B68     		ldr	r3, [r3]
  70              	.LVL5:
  71              	.LBB4:
  72              	.LBI4:
  73              		.file 2 "Drivers/CMSIS/Include/cmsis_gcc.h"
   1:Drivers/CMSIS/Include/cmsis_gcc.h **** /**************************************************************************//**
   2:Drivers/CMSIS/Include/cmsis_gcc.h ****  * @file     cmsis_gcc.h
   3:Drivers/CMSIS/Include/cmsis_gcc.h ****  * @brief    CMSIS compiler GCC header file
   4:Drivers/CMSIS/Include/cmsis_gcc.h ****  * @version  V5.0.4
ARM GAS  /var/folders/19/48sc_t714fz_96wrj2kckpy80000gn/T//cc48abbH.s 			page 3


   5:Drivers/CMSIS/Include/cmsis_gcc.h ****  * @date     09. April 2018
   6:Drivers/CMSIS/Include/cmsis_gcc.h ****  ******************************************************************************/
   7:Drivers/CMSIS/Include/cmsis_gcc.h **** /*
   8:Drivers/CMSIS/Include/cmsis_gcc.h ****  * Copyright (c) 2009-2018 Arm Limited. All rights reserved.
   9:Drivers/CMSIS/Include/cmsis_gcc.h ****  *
  10:Drivers/CMSIS/Include/cmsis_gcc.h ****  * SPDX-License-Identifier: Apache-2.0
  11:Drivers/CMSIS/Include/cmsis_gcc.h ****  *
  12:Drivers/CMSIS/Include/cmsis_gcc.h ****  * Licensed under the Apache License, Version 2.0 (the License); you may
  13:Drivers/CMSIS/Include/cmsis_gcc.h ****  * not use this file except in compliance with the License.
  14:Drivers/CMSIS/Include/cmsis_gcc.h ****  * You may obtain a copy of the License at
  15:Drivers/CMSIS/Include/cmsis_gcc.h ****  *
  16:Drivers/CMSIS/Include/cmsis_gcc.h ****  * www.apache.org/licenses/LICENSE-2.0
  17:Drivers/CMSIS/Include/cmsis_gcc.h ****  *
  18:Drivers/CMSIS/Include/cmsis_gcc.h ****  * Unless required by applicable law or agreed to in writing, software
  19:Drivers/CMSIS/Include/cmsis_gcc.h ****  * distributed under the License is distributed on an AS IS BASIS, WITHOUT
  20:Drivers/CMSIS/Include/cmsis_gcc.h ****  * WARRANTIES OR CONDITIONS OF ANY KIND, either express or implied.
  21:Drivers/CMSIS/Include/cmsis_gcc.h ****  * See the License for the specific language governing permissions and
  22:Drivers/CMSIS/Include/cmsis_gcc.h ****  * limitations under the License.
  23:Drivers/CMSIS/Include/cmsis_gcc.h ****  */
  24:Drivers/CMSIS/Include/cmsis_gcc.h **** 
  25:Drivers/CMSIS/Include/cmsis_gcc.h **** #ifndef __CMSIS_GCC_H
  26:Drivers/CMSIS/Include/cmsis_gcc.h **** #define __CMSIS_GCC_H
  27:Drivers/CMSIS/Include/cmsis_gcc.h **** 
  28:Drivers/CMSIS/Include/cmsis_gcc.h **** /* ignore some GCC warnings */
  29:Drivers/CMSIS/Include/cmsis_gcc.h **** #pragma GCC diagnostic push
  30:Drivers/CMSIS/Include/cmsis_gcc.h **** #pragma GCC diagnostic ignored "-Wsign-conversion"
  31:Drivers/CMSIS/Include/cmsis_gcc.h **** #pragma GCC diagnostic ignored "-Wconversion"
  32:Drivers/CMSIS/Include/cmsis_gcc.h **** #pragma GCC diagnostic ignored "-Wunused-parameter"
  33:Drivers/CMSIS/Include/cmsis_gcc.h **** 
  34:Drivers/CMSIS/Include/cmsis_gcc.h **** /* Fallback for __has_builtin */
  35:Drivers/CMSIS/Include/cmsis_gcc.h **** #ifndef __has_builtin
  36:Drivers/CMSIS/Include/cmsis_gcc.h ****   #define __has_builtin(x) (0)
  37:Drivers/CMSIS/Include/cmsis_gcc.h **** #endif
  38:Drivers/CMSIS/Include/cmsis_gcc.h **** 
  39:Drivers/CMSIS/Include/cmsis_gcc.h **** /* CMSIS compiler specific defines */
  40:Drivers/CMSIS/Include/cmsis_gcc.h **** #ifndef   __ASM
  41:Drivers/CMSIS/Include/cmsis_gcc.h ****   #define __ASM                                  __asm
  42:Drivers/CMSIS/Include/cmsis_gcc.h **** #endif
  43:Drivers/CMSIS/Include/cmsis_gcc.h **** #ifndef   __INLINE
  44:Drivers/CMSIS/Include/cmsis_gcc.h ****   #define __INLINE                               inline
  45:Drivers/CMSIS/Include/cmsis_gcc.h **** #endif
  46:Drivers/CMSIS/Include/cmsis_gcc.h **** #ifndef   __STATIC_INLINE
  47:Drivers/CMSIS/Include/cmsis_gcc.h ****   #define __STATIC_INLINE                        static inline
  48:Drivers/CMSIS/Include/cmsis_gcc.h **** #endif
  49:Drivers/CMSIS/Include/cmsis_gcc.h **** #ifndef   __STATIC_FORCEINLINE                 
  50:Drivers/CMSIS/Include/cmsis_gcc.h ****   #define __STATIC_FORCEINLINE                   __attribute__((always_inline)) static inline
  51:Drivers/CMSIS/Include/cmsis_gcc.h **** #endif                                           
  52:Drivers/CMSIS/Include/cmsis_gcc.h **** #ifndef   __NO_RETURN
  53:Drivers/CMSIS/Include/cmsis_gcc.h ****   #define __NO_RETURN                            __attribute__((__noreturn__))
  54:Drivers/CMSIS/Include/cmsis_gcc.h **** #endif
  55:Drivers/CMSIS/Include/cmsis_gcc.h **** #ifndef   __USED
  56:Drivers/CMSIS/Include/cmsis_gcc.h ****   #define __USED                                 __attribute__((used))
  57:Drivers/CMSIS/Include/cmsis_gcc.h **** #endif
  58:Drivers/CMSIS/Include/cmsis_gcc.h **** #ifndef   __WEAK
  59:Drivers/CMSIS/Include/cmsis_gcc.h ****   #define __WEAK                                 __attribute__((weak))
  60:Drivers/CMSIS/Include/cmsis_gcc.h **** #endif
  61:Drivers/CMSIS/Include/cmsis_gcc.h **** #ifndef   __PACKED
ARM GAS  /var/folders/19/48sc_t714fz_96wrj2kckpy80000gn/T//cc48abbH.s 			page 4


  62:Drivers/CMSIS/Include/cmsis_gcc.h ****   #define __PACKED                               __attribute__((packed, aligned(1)))
  63:Drivers/CMSIS/Include/cmsis_gcc.h **** #endif
  64:Drivers/CMSIS/Include/cmsis_gcc.h **** #ifndef   __PACKED_STRUCT
  65:Drivers/CMSIS/Include/cmsis_gcc.h ****   #define __PACKED_STRUCT                        struct __attribute__((packed, aligned(1)))
  66:Drivers/CMSIS/Include/cmsis_gcc.h **** #endif
  67:Drivers/CMSIS/Include/cmsis_gcc.h **** #ifndef   __PACKED_UNION
  68:Drivers/CMSIS/Include/cmsis_gcc.h ****   #define __PACKED_UNION                         union __attribute__((packed, aligned(1)))
  69:Drivers/CMSIS/Include/cmsis_gcc.h **** #endif
  70:Drivers/CMSIS/Include/cmsis_gcc.h **** #ifndef   __UNALIGNED_UINT32        /* deprecated */
  71:Drivers/CMSIS/Include/cmsis_gcc.h ****   #pragma GCC diagnostic push
  72:Drivers/CMSIS/Include/cmsis_gcc.h ****   #pragma GCC diagnostic ignored "-Wpacked"
  73:Drivers/CMSIS/Include/cmsis_gcc.h ****   #pragma GCC diagnostic ignored "-Wattributes"
  74:Drivers/CMSIS/Include/cmsis_gcc.h ****   struct __attribute__((packed)) T_UINT32 { uint32_t v; };
  75:Drivers/CMSIS/Include/cmsis_gcc.h ****   #pragma GCC diagnostic pop
  76:Drivers/CMSIS/Include/cmsis_gcc.h ****   #define __UNALIGNED_UINT32(x)                  (((struct T_UINT32 *)(x))->v)
  77:Drivers/CMSIS/Include/cmsis_gcc.h **** #endif
  78:Drivers/CMSIS/Include/cmsis_gcc.h **** #ifndef   __UNALIGNED_UINT16_WRITE
  79:Drivers/CMSIS/Include/cmsis_gcc.h ****   #pragma GCC diagnostic push
  80:Drivers/CMSIS/Include/cmsis_gcc.h ****   #pragma GCC diagnostic ignored "-Wpacked"
  81:Drivers/CMSIS/Include/cmsis_gcc.h ****   #pragma GCC diagnostic ignored "-Wattributes"
  82:Drivers/CMSIS/Include/cmsis_gcc.h ****   __PACKED_STRUCT T_UINT16_WRITE { uint16_t v; };
  83:Drivers/CMSIS/Include/cmsis_gcc.h ****   #pragma GCC diagnostic pop
  84:Drivers/CMSIS/Include/cmsis_gcc.h ****   #define __UNALIGNED_UINT16_WRITE(addr, val)    (void)((((struct T_UINT16_WRITE *)(void *)(addr))-
  85:Drivers/CMSIS/Include/cmsis_gcc.h **** #endif
  86:Drivers/CMSIS/Include/cmsis_gcc.h **** #ifndef   __UNALIGNED_UINT16_READ
  87:Drivers/CMSIS/Include/cmsis_gcc.h ****   #pragma GCC diagnostic push
  88:Drivers/CMSIS/Include/cmsis_gcc.h ****   #pragma GCC diagnostic ignored "-Wpacked"
  89:Drivers/CMSIS/Include/cmsis_gcc.h ****   #pragma GCC diagnostic ignored "-Wattributes"
  90:Drivers/CMSIS/Include/cmsis_gcc.h ****   __PACKED_STRUCT T_UINT16_READ { uint16_t v; };
  91:Drivers/CMSIS/Include/cmsis_gcc.h ****   #pragma GCC diagnostic pop
  92:Drivers/CMSIS/Include/cmsis_gcc.h ****   #define __UNALIGNED_UINT16_READ(addr)          (((const struct T_UINT16_READ *)(const void *)(add
  93:Drivers/CMSIS/Include/cmsis_gcc.h **** #endif
  94:Drivers/CMSIS/Include/cmsis_gcc.h **** #ifndef   __UNALIGNED_UINT32_WRITE
  95:Drivers/CMSIS/Include/cmsis_gcc.h ****   #pragma GCC diagnostic push
  96:Drivers/CMSIS/Include/cmsis_gcc.h ****   #pragma GCC diagnostic ignored "-Wpacked"
  97:Drivers/CMSIS/Include/cmsis_gcc.h ****   #pragma GCC diagnostic ignored "-Wattributes"
  98:Drivers/CMSIS/Include/cmsis_gcc.h ****   __PACKED_STRUCT T_UINT32_WRITE { uint32_t v; };
  99:Drivers/CMSIS/Include/cmsis_gcc.h ****   #pragma GCC diagnostic pop
 100:Drivers/CMSIS/Include/cmsis_gcc.h ****   #define __UNALIGNED_UINT32_WRITE(addr, val)    (void)((((struct T_UINT32_WRITE *)(void *)(addr))-
 101:Drivers/CMSIS/Include/cmsis_gcc.h **** #endif
 102:Drivers/CMSIS/Include/cmsis_gcc.h **** #ifndef   __UNALIGNED_UINT32_READ
 103:Drivers/CMSIS/Include/cmsis_gcc.h ****   #pragma GCC diagnostic push
 104:Drivers/CMSIS/Include/cmsis_gcc.h ****   #pragma GCC diagnostic ignored "-Wpacked"
 105:Drivers/CMSIS/Include/cmsis_gcc.h ****   #pragma GCC diagnostic ignored "-Wattributes"
 106:Drivers/CMSIS/Include/cmsis_gcc.h ****   __PACKED_STRUCT T_UINT32_READ { uint32_t v; };
 107:Drivers/CMSIS/Include/cmsis_gcc.h ****   #pragma GCC diagnostic pop
 108:Drivers/CMSIS/Include/cmsis_gcc.h ****   #define __UNALIGNED_UINT32_READ(addr)          (((const struct T_UINT32_READ *)(const void *)(add
 109:Drivers/CMSIS/Include/cmsis_gcc.h **** #endif
 110:Drivers/CMSIS/Include/cmsis_gcc.h **** #ifndef   __ALIGNED
 111:Drivers/CMSIS/Include/cmsis_gcc.h ****   #define __ALIGNED(x)                           __attribute__((aligned(x)))
 112:Drivers/CMSIS/Include/cmsis_gcc.h **** #endif
 113:Drivers/CMSIS/Include/cmsis_gcc.h **** #ifndef   __RESTRICT
 114:Drivers/CMSIS/Include/cmsis_gcc.h ****   #define __RESTRICT                             __restrict
 115:Drivers/CMSIS/Include/cmsis_gcc.h **** #endif
 116:Drivers/CMSIS/Include/cmsis_gcc.h **** 
 117:Drivers/CMSIS/Include/cmsis_gcc.h **** 
 118:Drivers/CMSIS/Include/cmsis_gcc.h **** /* ###########################  Core Function Access  ########################### */
ARM GAS  /var/folders/19/48sc_t714fz_96wrj2kckpy80000gn/T//cc48abbH.s 			page 5


 119:Drivers/CMSIS/Include/cmsis_gcc.h **** /** \ingroup  CMSIS_Core_FunctionInterface
 120:Drivers/CMSIS/Include/cmsis_gcc.h ****     \defgroup CMSIS_Core_RegAccFunctions CMSIS Core Register Access Functions
 121:Drivers/CMSIS/Include/cmsis_gcc.h ****   @{
 122:Drivers/CMSIS/Include/cmsis_gcc.h ****  */
 123:Drivers/CMSIS/Include/cmsis_gcc.h **** 
 124:Drivers/CMSIS/Include/cmsis_gcc.h **** /**
 125:Drivers/CMSIS/Include/cmsis_gcc.h ****   \brief   Enable IRQ Interrupts
 126:Drivers/CMSIS/Include/cmsis_gcc.h ****   \details Enables IRQ interrupts by clearing the I-bit in the CPSR.
 127:Drivers/CMSIS/Include/cmsis_gcc.h ****            Can only be executed in Privileged modes.
 128:Drivers/CMSIS/Include/cmsis_gcc.h ****  */
 129:Drivers/CMSIS/Include/cmsis_gcc.h **** __STATIC_FORCEINLINE void __enable_irq(void)
 130:Drivers/CMSIS/Include/cmsis_gcc.h **** {
 131:Drivers/CMSIS/Include/cmsis_gcc.h ****   __ASM volatile ("cpsie i" : : : "memory");
 132:Drivers/CMSIS/Include/cmsis_gcc.h **** }
 133:Drivers/CMSIS/Include/cmsis_gcc.h **** 
 134:Drivers/CMSIS/Include/cmsis_gcc.h **** 
 135:Drivers/CMSIS/Include/cmsis_gcc.h **** /**
 136:Drivers/CMSIS/Include/cmsis_gcc.h ****   \brief   Disable IRQ Interrupts
 137:Drivers/CMSIS/Include/cmsis_gcc.h ****   \details Disables IRQ interrupts by setting the I-bit in the CPSR.
 138:Drivers/CMSIS/Include/cmsis_gcc.h ****            Can only be executed in Privileged modes.
 139:Drivers/CMSIS/Include/cmsis_gcc.h ****  */
 140:Drivers/CMSIS/Include/cmsis_gcc.h **** __STATIC_FORCEINLINE void __disable_irq(void)
 141:Drivers/CMSIS/Include/cmsis_gcc.h **** {
 142:Drivers/CMSIS/Include/cmsis_gcc.h ****   __ASM volatile ("cpsid i" : : : "memory");
 143:Drivers/CMSIS/Include/cmsis_gcc.h **** }
 144:Drivers/CMSIS/Include/cmsis_gcc.h **** 
 145:Drivers/CMSIS/Include/cmsis_gcc.h **** 
 146:Drivers/CMSIS/Include/cmsis_gcc.h **** /**
 147:Drivers/CMSIS/Include/cmsis_gcc.h ****   \brief   Get Control Register
 148:Drivers/CMSIS/Include/cmsis_gcc.h ****   \details Returns the content of the Control Register.
 149:Drivers/CMSIS/Include/cmsis_gcc.h ****   \return               Control Register value
 150:Drivers/CMSIS/Include/cmsis_gcc.h ****  */
 151:Drivers/CMSIS/Include/cmsis_gcc.h **** __STATIC_FORCEINLINE uint32_t __get_CONTROL(void)
 152:Drivers/CMSIS/Include/cmsis_gcc.h **** {
 153:Drivers/CMSIS/Include/cmsis_gcc.h ****   uint32_t result;
 154:Drivers/CMSIS/Include/cmsis_gcc.h **** 
 155:Drivers/CMSIS/Include/cmsis_gcc.h ****   __ASM volatile ("MRS %0, control" : "=r" (result) );
 156:Drivers/CMSIS/Include/cmsis_gcc.h ****   return(result);
 157:Drivers/CMSIS/Include/cmsis_gcc.h **** }
 158:Drivers/CMSIS/Include/cmsis_gcc.h **** 
 159:Drivers/CMSIS/Include/cmsis_gcc.h **** 
 160:Drivers/CMSIS/Include/cmsis_gcc.h **** #if (defined (__ARM_FEATURE_CMSE ) && (__ARM_FEATURE_CMSE == 3))
 161:Drivers/CMSIS/Include/cmsis_gcc.h **** /**
 162:Drivers/CMSIS/Include/cmsis_gcc.h ****   \brief   Get Control Register (non-secure)
 163:Drivers/CMSIS/Include/cmsis_gcc.h ****   \details Returns the content of the non-secure Control Register when in secure mode.
 164:Drivers/CMSIS/Include/cmsis_gcc.h ****   \return               non-secure Control Register value
 165:Drivers/CMSIS/Include/cmsis_gcc.h ****  */
 166:Drivers/CMSIS/Include/cmsis_gcc.h **** __STATIC_FORCEINLINE uint32_t __TZ_get_CONTROL_NS(void)
 167:Drivers/CMSIS/Include/cmsis_gcc.h **** {
 168:Drivers/CMSIS/Include/cmsis_gcc.h ****   uint32_t result;
 169:Drivers/CMSIS/Include/cmsis_gcc.h **** 
 170:Drivers/CMSIS/Include/cmsis_gcc.h ****   __ASM volatile ("MRS %0, control_ns" : "=r" (result) );
 171:Drivers/CMSIS/Include/cmsis_gcc.h ****   return(result);
 172:Drivers/CMSIS/Include/cmsis_gcc.h **** }
 173:Drivers/CMSIS/Include/cmsis_gcc.h **** #endif
 174:Drivers/CMSIS/Include/cmsis_gcc.h **** 
 175:Drivers/CMSIS/Include/cmsis_gcc.h **** 
ARM GAS  /var/folders/19/48sc_t714fz_96wrj2kckpy80000gn/T//cc48abbH.s 			page 6


 176:Drivers/CMSIS/Include/cmsis_gcc.h **** /**
 177:Drivers/CMSIS/Include/cmsis_gcc.h ****   \brief   Set Control Register
 178:Drivers/CMSIS/Include/cmsis_gcc.h ****   \details Writes the given value to the Control Register.
 179:Drivers/CMSIS/Include/cmsis_gcc.h ****   \param [in]    control  Control Register value to set
 180:Drivers/CMSIS/Include/cmsis_gcc.h ****  */
 181:Drivers/CMSIS/Include/cmsis_gcc.h **** __STATIC_FORCEINLINE void __set_CONTROL(uint32_t control)
 182:Drivers/CMSIS/Include/cmsis_gcc.h **** {
 183:Drivers/CMSIS/Include/cmsis_gcc.h ****   __ASM volatile ("MSR control, %0" : : "r" (control) : "memory");
 184:Drivers/CMSIS/Include/cmsis_gcc.h **** }
 185:Drivers/CMSIS/Include/cmsis_gcc.h **** 
 186:Drivers/CMSIS/Include/cmsis_gcc.h **** 
 187:Drivers/CMSIS/Include/cmsis_gcc.h **** #if (defined (__ARM_FEATURE_CMSE ) && (__ARM_FEATURE_CMSE == 3))
 188:Drivers/CMSIS/Include/cmsis_gcc.h **** /**
 189:Drivers/CMSIS/Include/cmsis_gcc.h ****   \brief   Set Control Register (non-secure)
 190:Drivers/CMSIS/Include/cmsis_gcc.h ****   \details Writes the given value to the non-secure Control Register when in secure state.
 191:Drivers/CMSIS/Include/cmsis_gcc.h ****   \param [in]    control  Control Register value to set
 192:Drivers/CMSIS/Include/cmsis_gcc.h ****  */
 193:Drivers/CMSIS/Include/cmsis_gcc.h **** __STATIC_FORCEINLINE void __TZ_set_CONTROL_NS(uint32_t control)
 194:Drivers/CMSIS/Include/cmsis_gcc.h **** {
 195:Drivers/CMSIS/Include/cmsis_gcc.h ****   __ASM volatile ("MSR control_ns, %0" : : "r" (control) : "memory");
 196:Drivers/CMSIS/Include/cmsis_gcc.h **** }
 197:Drivers/CMSIS/Include/cmsis_gcc.h **** #endif
 198:Drivers/CMSIS/Include/cmsis_gcc.h **** 
 199:Drivers/CMSIS/Include/cmsis_gcc.h **** 
 200:Drivers/CMSIS/Include/cmsis_gcc.h **** /**
 201:Drivers/CMSIS/Include/cmsis_gcc.h ****   \brief   Get IPSR Register
 202:Drivers/CMSIS/Include/cmsis_gcc.h ****   \details Returns the content of the IPSR Register.
 203:Drivers/CMSIS/Include/cmsis_gcc.h ****   \return               IPSR Register value
 204:Drivers/CMSIS/Include/cmsis_gcc.h ****  */
 205:Drivers/CMSIS/Include/cmsis_gcc.h **** __STATIC_FORCEINLINE uint32_t __get_IPSR(void)
 206:Drivers/CMSIS/Include/cmsis_gcc.h **** {
 207:Drivers/CMSIS/Include/cmsis_gcc.h ****   uint32_t result;
 208:Drivers/CMSIS/Include/cmsis_gcc.h **** 
 209:Drivers/CMSIS/Include/cmsis_gcc.h ****   __ASM volatile ("MRS %0, ipsr" : "=r" (result) );
 210:Drivers/CMSIS/Include/cmsis_gcc.h ****   return(result);
 211:Drivers/CMSIS/Include/cmsis_gcc.h **** }
 212:Drivers/CMSIS/Include/cmsis_gcc.h **** 
 213:Drivers/CMSIS/Include/cmsis_gcc.h **** 
 214:Drivers/CMSIS/Include/cmsis_gcc.h **** /**
 215:Drivers/CMSIS/Include/cmsis_gcc.h ****   \brief   Get APSR Register
 216:Drivers/CMSIS/Include/cmsis_gcc.h ****   \details Returns the content of the APSR Register.
 217:Drivers/CMSIS/Include/cmsis_gcc.h ****   \return               APSR Register value
 218:Drivers/CMSIS/Include/cmsis_gcc.h ****  */
 219:Drivers/CMSIS/Include/cmsis_gcc.h **** __STATIC_FORCEINLINE uint32_t __get_APSR(void)
 220:Drivers/CMSIS/Include/cmsis_gcc.h **** {
 221:Drivers/CMSIS/Include/cmsis_gcc.h ****   uint32_t result;
 222:Drivers/CMSIS/Include/cmsis_gcc.h **** 
 223:Drivers/CMSIS/Include/cmsis_gcc.h ****   __ASM volatile ("MRS %0, apsr" : "=r" (result) );
 224:Drivers/CMSIS/Include/cmsis_gcc.h ****   return(result);
 225:Drivers/CMSIS/Include/cmsis_gcc.h **** }
 226:Drivers/CMSIS/Include/cmsis_gcc.h **** 
 227:Drivers/CMSIS/Include/cmsis_gcc.h **** 
 228:Drivers/CMSIS/Include/cmsis_gcc.h **** /**
 229:Drivers/CMSIS/Include/cmsis_gcc.h ****   \brief   Get xPSR Register
 230:Drivers/CMSIS/Include/cmsis_gcc.h ****   \details Returns the content of the xPSR Register.
 231:Drivers/CMSIS/Include/cmsis_gcc.h ****   \return               xPSR Register value
 232:Drivers/CMSIS/Include/cmsis_gcc.h ****  */
ARM GAS  /var/folders/19/48sc_t714fz_96wrj2kckpy80000gn/T//cc48abbH.s 			page 7


 233:Drivers/CMSIS/Include/cmsis_gcc.h **** __STATIC_FORCEINLINE uint32_t __get_xPSR(void)
 234:Drivers/CMSIS/Include/cmsis_gcc.h **** {
 235:Drivers/CMSIS/Include/cmsis_gcc.h ****   uint32_t result;
 236:Drivers/CMSIS/Include/cmsis_gcc.h **** 
 237:Drivers/CMSIS/Include/cmsis_gcc.h ****   __ASM volatile ("MRS %0, xpsr" : "=r" (result) );
 238:Drivers/CMSIS/Include/cmsis_gcc.h ****   return(result);
 239:Drivers/CMSIS/Include/cmsis_gcc.h **** }
 240:Drivers/CMSIS/Include/cmsis_gcc.h **** 
 241:Drivers/CMSIS/Include/cmsis_gcc.h **** 
 242:Drivers/CMSIS/Include/cmsis_gcc.h **** /**
 243:Drivers/CMSIS/Include/cmsis_gcc.h ****   \brief   Get Process Stack Pointer
 244:Drivers/CMSIS/Include/cmsis_gcc.h ****   \details Returns the current value of the Process Stack Pointer (PSP).
 245:Drivers/CMSIS/Include/cmsis_gcc.h ****   \return               PSP Register value
 246:Drivers/CMSIS/Include/cmsis_gcc.h ****  */
 247:Drivers/CMSIS/Include/cmsis_gcc.h **** __STATIC_FORCEINLINE uint32_t __get_PSP(void)
 248:Drivers/CMSIS/Include/cmsis_gcc.h **** {
 249:Drivers/CMSIS/Include/cmsis_gcc.h ****   uint32_t result;
 250:Drivers/CMSIS/Include/cmsis_gcc.h **** 
 251:Drivers/CMSIS/Include/cmsis_gcc.h ****   __ASM volatile ("MRS %0, psp"  : "=r" (result) );
 252:Drivers/CMSIS/Include/cmsis_gcc.h ****   return(result);
 253:Drivers/CMSIS/Include/cmsis_gcc.h **** }
 254:Drivers/CMSIS/Include/cmsis_gcc.h **** 
 255:Drivers/CMSIS/Include/cmsis_gcc.h **** 
 256:Drivers/CMSIS/Include/cmsis_gcc.h **** #if (defined (__ARM_FEATURE_CMSE ) && (__ARM_FEATURE_CMSE == 3))
 257:Drivers/CMSIS/Include/cmsis_gcc.h **** /**
 258:Drivers/CMSIS/Include/cmsis_gcc.h ****   \brief   Get Process Stack Pointer (non-secure)
 259:Drivers/CMSIS/Include/cmsis_gcc.h ****   \details Returns the current value of the non-secure Process Stack Pointer (PSP) when in secure s
 260:Drivers/CMSIS/Include/cmsis_gcc.h ****   \return               PSP Register value
 261:Drivers/CMSIS/Include/cmsis_gcc.h ****  */
 262:Drivers/CMSIS/Include/cmsis_gcc.h **** __STATIC_FORCEINLINE uint32_t __TZ_get_PSP_NS(void)
 263:Drivers/CMSIS/Include/cmsis_gcc.h **** {
 264:Drivers/CMSIS/Include/cmsis_gcc.h ****   uint32_t result;
 265:Drivers/CMSIS/Include/cmsis_gcc.h **** 
 266:Drivers/CMSIS/Include/cmsis_gcc.h ****   __ASM volatile ("MRS %0, psp_ns"  : "=r" (result) );
 267:Drivers/CMSIS/Include/cmsis_gcc.h ****   return(result);
 268:Drivers/CMSIS/Include/cmsis_gcc.h **** }
 269:Drivers/CMSIS/Include/cmsis_gcc.h **** #endif
 270:Drivers/CMSIS/Include/cmsis_gcc.h **** 
 271:Drivers/CMSIS/Include/cmsis_gcc.h **** 
 272:Drivers/CMSIS/Include/cmsis_gcc.h **** /**
 273:Drivers/CMSIS/Include/cmsis_gcc.h ****   \brief   Set Process Stack Pointer
 274:Drivers/CMSIS/Include/cmsis_gcc.h ****   \details Assigns the given value to the Process Stack Pointer (PSP).
 275:Drivers/CMSIS/Include/cmsis_gcc.h ****   \param [in]    topOfProcStack  Process Stack Pointer value to set
 276:Drivers/CMSIS/Include/cmsis_gcc.h ****  */
 277:Drivers/CMSIS/Include/cmsis_gcc.h **** __STATIC_FORCEINLINE void __set_PSP(uint32_t topOfProcStack)
  74              		.loc 2 277 27 is_stmt 1 view .LVU9
  75              	.LBB5:
 278:Drivers/CMSIS/Include/cmsis_gcc.h **** {
 279:Drivers/CMSIS/Include/cmsis_gcc.h ****   __ASM volatile ("MSR psp, %0" : : "r" (topOfProcStack) : );
  76              		.loc 2 279 3 view .LVU10
  77              		.syntax unified
  78              	@ 279 "Drivers/CMSIS/Include/cmsis_gcc.h" 1
  79 001a 83F30988 		MSR psp, r3
  80              	@ 0 "" 2
  81              	.LVL6:
  82              		.loc 2 279 3 is_stmt 0 view .LVU11
  83              		.thumb
ARM GAS  /var/folders/19/48sc_t714fz_96wrj2kckpy80000gn/T//cc48abbH.s 			page 8


  84              		.syntax unified
  85              	.LBE5:
  86              	.LBE4:
  21:Core/Src/kernel.c ****       break;
  87              		.loc 1 21 7 is_stmt 1 view .LVU12
  88 001e FFF7FEFF 		bl	runFirstThread
  89              	.LVL7:
  22:Core/Src/kernel.c ****     case 17: //17 is sort of arbitrarily chosen
  90              		.loc 1 22 7 view .LVU13
  91 0022 F7E7     		b	.L1
  92              	.LVL8:
  93              	.L2:
  24:Core/Src/kernel.c ****       break;
  94              		.loc 1 24 7 view .LVU14
  95 0024 0448     		ldr	r0, .L7+4
  96              	.LVL9:
  24:Core/Src/kernel.c ****       break;
  97              		.loc 1 24 7 is_stmt 0 view .LVU15
  98 0026 FFF7FEFF 		bl	puts
  99              	.LVL10:
  25:Core/Src/kernel.c ****     case 21:
 100              		.loc 1 25 7 is_stmt 1 view .LVU16
 101 002a F3E7     		b	.L1
 102              	.LVL11:
 103              	.L3:
  27:Core/Src/kernel.c ****       break;
 104              		.loc 1 27 7 view .LVU17
 105 002c 0348     		ldr	r0, .L7+8
 106              	.LVL12:
  27:Core/Src/kernel.c ****       break;
 107              		.loc 1 27 7 is_stmt 0 view .LVU18
 108 002e FFF7FEFF 		bl	puts
 109              	.LVL13:
  28:Core/Src/kernel.c ****     default: /* unknown SVC */
 110              		.loc 1 28 7 is_stmt 1 view .LVU19
 111              		.loc 1 32 1 is_stmt 0 view .LVU20
 112 0032 EFE7     		b	.L1
 113              	.L8:
 114              		.align	2
 115              	.L7:
 116 0034 00000000 		.word	stackptr
 117 0038 00000000 		.word	.LC0
 118 003c 0C000000 		.word	.LC1
 119              		.cfi_endproc
 120              	.LFE133:
 122              		.section	.text.allocate_stack,"ax",%progbits
 123              		.align	1
 124              		.global	allocate_stack
 125              		.syntax unified
 126              		.thumb
 127              		.thumb_func
 129              	allocate_stack:
 130              	.LFB134:
  33:Core/Src/kernel.c **** 
  34:Core/Src/kernel.c **** // Allocate a new stack
  35:Core/Src/kernel.c **** uint32_t* allocate_stack() {
 131              		.loc 1 35 28 is_stmt 1 view -0
ARM GAS  /var/folders/19/48sc_t714fz_96wrj2kckpy80000gn/T//cc48abbH.s 			page 9


 132              		.cfi_startproc
 133              		@ args = 0, pretend = 0, frame = 0
 134              		@ frame_needed = 0, uses_anonymous_args = 0
 135              		@ link register save eliminated.
  36:Core/Src/kernel.c ****     if ((nThreads * THREAD_SIZE) + STACK_SIZE > MAX_STACK_SIZE) {
 136              		.loc 1 36 5 view .LVU22
 137              		.loc 1 36 34 is_stmt 0 view .LVU23
 138 0000 084B     		ldr	r3, .L12
 139 0002 1B68     		ldr	r3, [r3]
 140 0004 0133     		adds	r3, r3, #1
 141 0006 9A02     		lsls	r2, r3, #10
 142              		.loc 1 36 8 view .LVU24
 143 0008 B2F5804F 		cmp	r2, #16384
 144 000c 07DC     		bgt	.L11
  37:Core/Src/kernel.c ****         return NULL;
  38:Core/Src/kernel.c ****     }
  39:Core/Src/kernel.c **** 
  40:Core/Src/kernel.c ****     LAST_STACK -= THREAD_SIZE;
 145              		.loc 1 40 5 is_stmt 1 view .LVU25
 146              		.loc 1 40 16 is_stmt 0 view .LVU26
 147 000e 064A     		ldr	r2, .L12+4
 148 0010 1068     		ldr	r0, [r2]
 149 0012 A0F58051 		sub	r1, r0, #4096
 150 0016 1160     		str	r1, [r2]
  41:Core/Src/kernel.c ****     nThreads += 1;
 151              		.loc 1 41 5 is_stmt 1 view .LVU27
 152              		.loc 1 41 14 is_stmt 0 view .LVU28
 153 0018 024A     		ldr	r2, .L12
 154 001a 1360     		str	r3, [r2]
  42:Core/Src/kernel.c **** 
  43:Core/Src/kernel.c ****     uint32_t* topOfStack = LAST_STACK + THREAD_SIZE; 
 155              		.loc 1 43 5 is_stmt 1 view .LVU29
 156              	.LVL14:
  44:Core/Src/kernel.c **** 
  45:Core/Src/kernel.c ****     return topOfStack;
 157              		.loc 1 45 5 view .LVU30
 158              		.loc 1 45 12 is_stmt 0 view .LVU31
 159 001c 7047     		bx	lr
 160              	.LVL15:
 161              	.L11:
  37:Core/Src/kernel.c ****     }
 162              		.loc 1 37 16 view .LVU32
 163 001e 0020     		movs	r0, #0
  46:Core/Src/kernel.c **** }...
 164              		.loc 1 46 1 view .LVU33
 165 0020 7047     		bx	lr
 166              	.L13:
 167 0022 00BF     		.align	2
 168              	.L12:
 169 0024 00000000 		.word	nThreads
 170 0028 00000000 		.word	LAST_STACK
 171              		.cfi_endproc
 172              	.LFE134:
 174              		.global	nThreads
 175              		.section	.bss.nThreads,"aw",%nobits
 176              		.align	2
 179              	nThreads:
ARM GAS  /var/folders/19/48sc_t714fz_96wrj2kckpy80000gn/T//cc48abbH.s 			page 10


 180 0000 00000000 		.space	4
 181              		.global	LAST_STACK
 182              		.section	.bss.LAST_STACK,"aw",%nobits
 183              		.align	2
 186              	LAST_STACK:
 187 0000 00000000 		.space	4
 188              		.global	MSP_INIT_VAL
 189              		.section	.bss.MSP_INIT_VAL,"aw",%nobits
 190              		.align	2
 193              	MSP_INIT_VAL:
 194 0000 00000000 		.space	4
 195              		.text
 196              	.Letext0:
 197              		.file 3 "/Users/danielrh/Library/Application Support/Code/User/globalStorage/bmd.stm32-for-vscode/
 198              		.file 4 "/Users/danielrh/Library/Application Support/Code/User/globalStorage/bmd.stm32-for-vscode/
 199              		.file 5 "Core/Inc/kernel.h"
 200              		.file 6 "<built-in>"
ARM GAS  /var/folders/19/48sc_t714fz_96wrj2kckpy80000gn/T//cc48abbH.s 			page 11


DEFINED SYMBOLS
                            *ABS*:00000000 kernel.c
/var/folders/19/48sc_t714fz_96wrj2kckpy80000gn/T//cc48abbH.s:21     .rodata.SVC_Handler_Main.str1.4:00000000 $d
/var/folders/19/48sc_t714fz_96wrj2kckpy80000gn/T//cc48abbH.s:28     .text.SVC_Handler_Main:00000000 $t
/var/folders/19/48sc_t714fz_96wrj2kckpy80000gn/T//cc48abbH.s:34     .text.SVC_Handler_Main:00000000 SVC_Handler_Main
/var/folders/19/48sc_t714fz_96wrj2kckpy80000gn/T//cc48abbH.s:116    .text.SVC_Handler_Main:00000034 $d
/var/folders/19/48sc_t714fz_96wrj2kckpy80000gn/T//cc48abbH.s:123    .text.allocate_stack:00000000 $t
/var/folders/19/48sc_t714fz_96wrj2kckpy80000gn/T//cc48abbH.s:129    .text.allocate_stack:00000000 allocate_stack
/var/folders/19/48sc_t714fz_96wrj2kckpy80000gn/T//cc48abbH.s:169    .text.allocate_stack:00000024 $d
/var/folders/19/48sc_t714fz_96wrj2kckpy80000gn/T//cc48abbH.s:179    .bss.nThreads:00000000 nThreads
/var/folders/19/48sc_t714fz_96wrj2kckpy80000gn/T//cc48abbH.s:186    .bss.LAST_STACK:00000000 LAST_STACK
/var/folders/19/48sc_t714fz_96wrj2kckpy80000gn/T//cc48abbH.s:176    .bss.nThreads:00000000 $d
/var/folders/19/48sc_t714fz_96wrj2kckpy80000gn/T//cc48abbH.s:183    .bss.LAST_STACK:00000000 $d
/var/folders/19/48sc_t714fz_96wrj2kckpy80000gn/T//cc48abbH.s:193    .bss.MSP_INIT_VAL:00000000 MSP_INIT_VAL
/var/folders/19/48sc_t714fz_96wrj2kckpy80000gn/T//cc48abbH.s:190    .bss.MSP_INIT_VAL:00000000 $d

UNDEFINED SYMBOLS
runFirstThread
puts
stackptr
